INSERT INTO `owl_logs` VALUES ('2021-09-02 18:22:06', '27', 'ac462', 'ac462;', 'Connected from 196.117.34.27 - 710186679DEF493F126A5FF4036D0902')
INSERT INTO `owl_logs` VALUES ('2021-09-02 18:22:50', '27', 'ac462', 'ac462;ch572;', 'Created')
INSERT INTO `owl_logs` VALUES ('2021-09-02 18:22:50', '27', 'ac462', 'ac462;ch572;', 'Spawned')
INSERT INTO `owl_logs` VALUES ('2021-09-02 18:23:19', '27', 'ac463', 'ac463;', 'Connected from 105.71.150.160 - E419C14BA48DB728EC9E33422437B292')
INSERT INTO `owl_logs` VALUES ('2021-09-02 18:25:21', '27', 'ac462', 'ac462;ch572;', 'Disconnected (Quit')
INSERT INTO `owl_logs` VALUES ('2021-09-02 18:25:26', '27', 'ac463', 'ac463;ch573;', 'Created')
INSERT INTO `owl_logs` VALUES ('2021-09-02 18:25:26', '27', 'ac463', 'ac463;ch573;', 'Spawned')
INSERT INTO `owl_logs` VALUES ('2021-09-02 18:25:50', '27', 'ac462', 'ac462;', 'Connected from 196.117.34.27 - 710186679DEF493F126A5FF4036D0902')
INSERT INTO `owl_logs` VALUES ('2021-09-02 18:25:58', '27', 'ac462', 'ac462;ch572;', 'Spawned')
INSERT INTO `owl_logs` VALUES ('2021-09-02 18:26:18', '27', 'ac464', 'ac464;', 'Connected from 105.157.171.69 - B286AA07FAA83D96FE933543C6526192')
INSERT INTO `owl_logs` VALUES ('2021-09-02 18:27:26', '27', 'ac464', 'ac464;ch574;', 'Created')
INSERT INTO `owl_logs` VALUES ('2021-09-02 18:27:26', '27', 'ac464', 'ac464;ch574;', 'Spawned')
INSERT INTO `owl_logs` VALUES ('2021-09-02 18:30:24', '27', 'ac465', 'ac465;', 'Connected from 196.206.68.44 - 7F3707543AA445EC1F81A41F09A7E893')
INSERT INTO `owl_logs` VALUES ('2021-09-02 18:33:01', '27', 'ac465', 'ac465;ch575;', 'Created')
INSERT INTO `owl_logs` VALUES ('2021-09-02 18:33:01', '27', 'ac465', 'ac465;ch575;', 'Spawned')
INSERT INTO `owl_logs` VALUES ('2021-09-02 18:40:55', '27', 'ac465', 'ac465;ch575;', 'Disconnected (Quit')
INSERT INTO `owl_logs` VALUES ('2021-09-02 18:41:31', '27', 'ac465', 'ac465;', 'Connected from 196.206.68.44 - 7F3707543AA445EC1F81A41F09A7E893')
INSERT INTO `owl_logs` VALUES ('2021-09-02 18:41:43', '27', 'ac465', 'ac465;ch575;', 'Spawned')
INSERT INTO `owl_logs` VALUES ('2021-09-02 18:53:09', '27', 'ac463', 'ac463;ch573;', 'Disconnected (Quit')
INSERT INTO `owl_logs` VALUES ('2021-09-02 18:53:11', '27', 'ac462', 'ac462;ch572;', 'Disconnected (Quit')
INSERT INTO `owl_logs` VALUES ('2021-09-02 18:53:30', '27', 'ac463', 'ac463;', 'Connected from 105.71.150.160 - E419C14BA48DB728EC9E33422437B292')
INSERT INTO `owl_logs` VALUES ('2021-09-02 18:53:38', '27', 'ac463', 'ac463;ch573;', 'Spawned')
INSERT INTO `owl_logs` VALUES ('2021-09-02 18:54:44', '7', 'ch575', 'ch575;ch574;ch573;', 'English: G')
INSERT INTO `owl_logs` VALUES ('2021-09-02 18:54:45', '7', 'ch575', 'ch575;ch574;ch573;', 'English: G')
INSERT INTO `owl_logs` VALUES ('2021-09-02 18:54:45', '8', 'ch575', 'ch574;ch575;ch573;', 'BB')
INSERT INTO `owl_logs` VALUES ('2021-09-02 18:54:46', '7', 'ch573', 'ch573;ch574;ch575;', 'English: Hh')
INSERT INTO `owl_logs` VALUES ('2021-09-02 18:54:50', '8', 'ch573', 'ch574;ch575;ch573;', 'b')
INSERT INTO `owl_logs` VALUES ('2021-09-02 18:54:52', '8', 'ch573', 'ch574;ch575;ch573;', 'bb')
INSERT INTO `owl_logs` VALUES ('2021-09-02 18:55:02', '8', 'ch575', 'ch574;ch575;ch573;', 'TAGTOGA WAIT')
INSERT INTO `owl_logs` VALUES ('2021-09-02 18:55:06', '8', 'ch575', 'ch574;ch575;ch573;', 'test')
INSERT INTO `owl_logs` VALUES ('2021-09-02 18:55:10', '8', 'ch575', 'ch574;ch575;ch573;', 'test')
INSERT INTO `owl_logs` VALUES ('2021-09-02 18:55:13', '8', 'ch575', 'ch574;ch575;ch573;', 'b')
INSERT INTO `owl_logs` VALUES ('2021-09-02 18:55:39', '7', 'ch573', 'ch573;ch574;ch575;', 'English: Duty dia les supps aduty wla gduty?')
INSERT INTO `owl_logs` VALUES ('2021-09-02 18:55:49', '8', 'ch575', 'ch574;ch575;ch573;', 'ma3rf ach dayrin')
INSERT INTO `owl_logs` VALUES ('2021-09-02 18:55:52', '8', 'ch575', 'ch574;ch575;ch573;', 'Jrab g')
INSERT INTO `owl_logs` VALUES ('2021-09-02 18:56:01', '8', 'ch573', 'ch574;ch575;ch573;', 'mkynach fl hud ?')
INSERT INTO `owl_logs` VALUES ('2021-09-02 18:56:09', '8', 'ch573', 'ch574;ch575;ch573;', 'ok')
INSERT INTO `owl_logs` VALUES ('2021-09-02 18:56:18', '8', 'ch573', 'ch574;ch575;ch573;', 'bncha2llah')
INSERT INTO `owl_logs` VALUES ('2021-09-02 18:56:28', '8', 'ch573', 'ch574;ch575;ch573;', 'l chat nadi')
INSERT INTO `owl_logs` VALUES ('2021-09-02 18:57:00', '8', 'ch573', 'ch574;ch575;ch573;', 'aji l room')
INSERT INTO `owl_logs` VALUES ('2021-09-02 18:57:03', '8', 'ch573', 'ch574;ch575;ch573;', 'nmovik?')
INSERT INTO `owl_logs` VALUES ('2021-09-02 18:57:04', '8', 'ch575', 'ch574;ch575;ch573;', '1 min')
INSERT INTO `owl_logs` VALUES ('2021-09-02 18:57:06', '8', 'ch573', 'ch574;ch575;ch573;', 'ok')
INSERT INTO `owl_logs` VALUES ('2021-09-02 18:57:46', '7', 'ch575', 'ch575;ch574;ch573;', 'English: G')
INSERT INTO `owl_logs` VALUES ('2021-09-02 18:57:57', '8', 'ch575', 'ch574;ch575;ch573;', 'wait')
INSERT INTO `owl_logs` VALUES ('2021-09-02 18:58:03', '40', 'ch573', 'ch574;ch575;ch573;', '*Benjamin Flores Ki Dir Ydih F Jibo*')
INSERT INTO `owl_logs` VALUES ('2021-09-02 18:58:20', '40', 'ch573', 'ch574;ch575;ch573;', '*Benjamin Flores Ki Dir Ydih F Jibo*')
INSERT INTO `owl_logs` VALUES ('2021-09-02 18:58:33', '40', 'ch573', 'ch574;ch575;ch573;', '*Benjamin Flores Ki Dir Ydih F Jibo*')
INSERT INTO `owl_logs` VALUES ('2021-09-02 18:58:40', '7', 'ch575', 'ch575;ch574;ch573;', 'English: Haha')
INSERT INTO `owl_logs` VALUES ('2021-09-02 18:58:48', '19', 'ch575', 'ch575;ch574;ch573;', 'English Ana mardach 7wah')
INSERT INTO `owl_logs` VALUES ('2021-09-02 18:58:52', '7', 'ch574', 'ch574;ch575;ch573;', 'English: Hhhhhhhhhhhhhhh')
INSERT INTO `owl_logs` VALUES ('2021-09-02 18:58:54', '8', 'ch575', 'ch574;ch575;ch573;', 'hh')
INSERT INTO `owl_logs` VALUES ('2021-09-02 19:00:16', '7', 'ch573', 'ch573;ch574;ch575;', 'English: Les factions ?')
INSERT INTO `owl_logs` VALUES ('2021-09-02 19:00:18', '7', 'ch573', 'ch573;ch574;ch575;', 'English: Yak')
INSERT INTO `owl_logs` VALUES ('2021-09-02 19:00:27', '7', 'ch574', 'ch574;ch575;ch573;', 'English: I')
INSERT INTO `owl_logs` VALUES ('2021-09-02 19:00:38', '8', 'ch573', 'ch574;ch575;ch573;', 'b')
INSERT INTO `owl_logs` VALUES ('2021-09-02 19:00:42', '8', 'ch574', 'ch574;ch575;ch573;', 'h')
INSERT INTO `owl_logs` VALUES ('2021-09-02 19:00:43', '4', 'ch575', 'ch575;', 'FREECAM')
INSERT INTO `owl_logs` VALUES ('2021-09-02 19:00:54', '40', 'ch573', 'ch574;ch575;ch573;', '*Benjamin Flores Ki Dir Ydih F Jibo*')
INSERT INTO `owl_logs` VALUES ('2021-09-02 19:01:46', '40', 'ch573', 'ch574;ch575;ch573;', '*Benjamin Flores Ki Dir Ydih F Jibo*')
INSERT INTO `owl_logs` VALUES ('2021-09-02 19:01:56', '40', 'ch573', 'ch574;ch575;ch573;', '*Benjamin Flores Ki Dir Ydih F Jibo*')
INSERT INTO `owl_logs` VALUES ('2021-09-02 19:02:02', '40', 'ch573', 'ch574;ch575;ch573;', '*Benjamin Flores Ki Dir Ydih F Jibo*')
INSERT INTO `owl_logs` VALUES ('2021-09-02 19:02:08', '40', 'ch573', 'ch574;ch575;ch573;', '*Benjamin Flores Ki Dir Ydih F Jibo*')
INSERT INTO `owl_logs` VALUES ('2021-09-02 19:02:22', '40', 'ch573', 'ch574;ch575;ch573;', '*Benjamin Flores shows everyone a Money.*')
INSERT INTO `owl_logs` VALUES ('2021-09-02 19:02:23', '40', 'ch573', 'ch574;ch575;ch573;', '*Benjamin Flores Ki Dir Ydih F Jibo*')
INSERT INTO `owl_logs` VALUES ('2021-09-02 19:02:28', '40', 'ch573', 'ch574;ch575;ch573;', '*Benjamin Flores Ki Dir Ydih F Jibo*')
INSERT INTO `owl_logs` VALUES ('2021-09-02 19:03:16', '40', 'ch573', 'ch574;ch575;ch573;', '*Benjamin Flores Ki Dir Ydih F Jibo*')
INSERT INTO `owl_logs` VALUES ('2021-09-02 19:03:23', '40', 'ch573', 'ch574;ch575;ch573;', '*Benjamin Flores Ki Dir Ydih F Jibo*')
INSERT INTO `owl_logs` VALUES ('2021-09-02 19:06:29', '7', 'ch574', 'ch574;ch575;ch573;', 'English: Ah')
INSERT INTO `owl_logs` VALUES ('2021-09-02 19:06:35', '40', 'ch573', 'ch574;ch575;ch573;', '*Benjamin Flores Ki Dir Ydih F Jibo*')
INSERT INTO `owl_logs` VALUES ('2021-09-02 19:07:05', '8', 'ch573', 'ch574;ch575;ch573;', 'b')
INSERT INTO `owl_logs` VALUES ('2021-09-02 19:08:37', '31', 'SYSTEM', 'in1529;ch575;', 'ENTERED')
INSERT INTO `owl_logs` VALUES ('2021-09-02 19:08:40', '31', 'SYSTEM', 'in1529;ch573;', 'ENTERED')
INSERT INTO `owl_logs` VALUES ('2021-09-02 19:08:40', '27', 'ac466', 'ac466;', 'Connected from 41.248.170.63 - 0453E420CE0606D2147293DF2212DF62')
INSERT INTO `owl_logs` VALUES ('2021-09-02 19:08:53', '31', 'SYSTEM', 'in1529;ch575;', 'EXITED')
INSERT INTO `owl_logs` VALUES ('2021-09-02 19:09:47', '27', 'ac464', 'ac464;ch574;', 'Disconnected (Quit')
INSERT INTO `owl_logs` VALUES ('2021-09-02 19:11:28', '7', 'pefuel', 'pefuel;ch573;', 'English: Hey, what could I do for you?.')
INSERT INTO `owl_logs` VALUES ('2021-09-02 19:11:31', '7', 'ch573', 'ch573;', 'English: I like your suit.')
INSERT INTO `owl_logs` VALUES ('2021-09-02 19:11:31', '7', 'pefuel', 'pefuel;ch573;', 'English: Eh, thanks... I guess.')
INSERT INTO `owl_logs` VALUES ('2021-09-02 19:13:23', '27', 'ac466', 'ac466;ch576;', 'Created')
INSERT INTO `owl_logs` VALUES ('2021-09-02 19:13:23', '27', 'ac466', 'ac466;ch576;', 'Spawned')
INSERT INTO `owl_logs` VALUES ('2021-09-02 19:13:57', '27', 'ac466', 'ac466;ch576;', 'Disconnected (Timed out')
INSERT INTO `owl_logs` VALUES ('2021-09-02 19:14:20', '27', 'ac466', 'ac466;', 'Connected from 41.248.170.63 - 0453E420CE0606D2147293DF2212DF62')
INSERT INTO `owl_logs` VALUES ('2021-09-02 19:14:29', '27', 'ac466', 'ac466;ch576;', 'Spawned')
INSERT INTO `owl_logs` VALUES ('2021-09-02 19:16:21', '4', 'ch576', 'ch576;', 'GIVEWEAPON AK-47 mp9wm85r0o9ZOvWBm81M0u0')
INSERT INTO `owl_logs` VALUES ('2021-09-02 19:16:28', '7', 'ch573', 'ch573;ch575;ch576;', 'English: Liga liga ')
INSERT INTO `owl_logs` VALUES ('2021-09-02 19:16:30', '4', 'ch576', 'ch576;', 'GIVEBULLETS AK-47 nil')
INSERT INTO `owl_logs` VALUES ('2021-09-02 19:16:34', '13', 'ch576', 'ch575;ch573;ch576;', 'You\'d hear a series of loud assault rifle gunshots echoing throughout the vicinity')
INSERT INTO `owl_logs` VALUES ('2021-09-02 19:23:48', '13', 'ch576', 'ch576;', 'You\'d hear a series of loud assault rifle gunshots echoing throughout the vicinity')
INSERT INTO `owl_logs` VALUES ('2021-09-02 19:23:59', '8', 'ch573', 'ch575;ch573;ch576;', '/aheal 2')
INSERT INTO `owl_logs` VALUES ('2021-09-02 19:27:09', '4', 'ch575', 'ch573;', 'GIVEITEM Ski Mask 1')
INSERT INTO `owl_logs` VALUES ('2021-09-02 19:27:14', '40', 'ch573', 'ch575;ch573;', '*Benjamin Flores Ki Dir Ydih F Jibo*')
INSERT INTO `owl_logs` VALUES ('2021-09-02 19:27:16', '40', 'ch573', 'ch575;ch573;', '*Benjamin Flores slips a mask over their face.*')
INSERT INTO `owl_logs` VALUES ('2021-09-02 19:27:37', '40', 'ch573', 'ch575;ch573;', '*Benjamin Flores Ki Dir Ydih F Jibo*')
INSERT INTO `owl_logs` VALUES ('2021-09-02 19:27:38', '40', 'ch573', 'ch575;ch573;', '*Benjamin Flores slips a mask off their face.*')
INSERT INTO `owl_logs` VALUES ('2021-09-02 19:27:56', '27', 'ac467', 'ac467;', 'Connected from 105.72.60.186 - 4AEE6BAD8F515A1A5272F0A642A4FEA4')
INSERT INTO `owl_logs` VALUES ('2021-09-02 19:29:26', '27', 'ac468', 'ac468;', 'Connected from 105.154.1.226 - C35DC12B8B77E657A3310485E60AA333')
INSERT INTO `owl_logs` VALUES ('2021-09-02 19:29:33', '27', 'ac467', 'ac467;ch577;', 'Created')
INSERT INTO `owl_logs` VALUES ('2021-09-02 19:29:33', '27', 'ac467', 'ac467;ch577;', 'Spawned')
INSERT INTO `owl_logs` VALUES ('2021-09-02 19:29:42', '27', 'ac469', 'ac469;', 'Connected from 105.158.174.108 - E893C4C748E6B03025B9B37DF6E54DA4')
INSERT INTO `owl_logs` VALUES ('2021-09-02 19:30:17', '27', 'ac470', 'ac470;', 'Connected from 196.74.174.124 - 1777AFEE7CD43A44D6D3DDB689AF45B3')
INSERT INTO `owl_logs` VALUES ('2021-09-02 19:31:02', '27', 'ac468', 'ac468;ch578;', 'Created')
INSERT INTO `owl_logs` VALUES ('2021-09-02 19:31:02', '27', 'ac468', 'ac468;ch578;', 'Spawned')
INSERT INTO `owl_logs` VALUES ('2021-09-02 19:31:02', '8', 'ch577', 'ch573;ch577;', 'f10 khdama?')
INSERT INTO `owl_logs` VALUES ('2021-09-02 19:31:06', '8', 'ch573', 'ch573;ch577;', 'yp')
INSERT INTO `owl_logs` VALUES ('2021-09-02 19:31:26', '27', 'ac470', 'ac470;ch579;', 'Created')
INSERT INTO `owl_logs` VALUES ('2021-09-02 19:31:26', '27', 'ac470', 'ac470;ch579;', 'Spawned')
INSERT INTO `owl_logs` VALUES ('2021-09-02 19:31:39', '27', 'ac469', 'ac469;ch580;', 'Created')
INSERT INTO `owl_logs` VALUES ('2021-09-02 19:31:40', '27', 'ac469', 'ac469;ch580;', 'Spawned')
INSERT INTO `owl_logs` VALUES ('2021-09-02 19:32:31', '12', 'ch577', 'ch573;ch579;ch577;ch578;ch580;', 'rolls his rope around the guy\'s hands and starts to frisk all of his body')
INSERT INTO `owl_logs` VALUES ('2021-09-02 19:33:06', '34', 'ch573', 'ch573;', ' died')
INSERT INTO `owl_logs` VALUES ('2021-09-02 19:34:01', '4', 'ch575', 'ch573;', 'REVIVED from PK')
INSERT INTO `owl_logs` VALUES ('2021-09-02 19:36:42', '18', 'ch575', 'ch575;ch573;ch576;ch579;ch577;ch578;ch580;', 'mchya t zab')
INSERT INTO `owl_logs` VALUES ('2021-09-02 19:36:53', '13', 'ch576', 'ch575;ch573;ch576;ch579;ch577;ch578;ch580;', 'You\'d hear a series of loud assault rifle gunshots echoing throughout the vicinity')
INSERT INTO `owl_logs` VALUES ('2021-09-02 19:38:09', '12', 'ch580', 'ch575;ch580;', 'opens/closes the gate')
INSERT INTO `owl_logs` VALUES ('2021-09-02 19:39:20', '18', 'ch575', 'ch575;ch573;ch576;ch579;ch577;ch578;ch580;', 'Rec dakchi li ghadi dir')
INSERT INTO `owl_logs` VALUES ('2021-09-02 19:39:29', '18', 'ch575', 'ch575;ch573;ch576;ch579;ch577;ch578;ch580;', '7ta iji')
INSERT INTO `owl_logs` VALUES ('2021-09-02 19:40:33', '19', 'ch573', 'ch573;ch575;ch576;ch579;ch577;ch580;', 'English Eyyyy')
INSERT INTO `owl_logs` VALUES ('2021-09-02 19:42:05', '8', 'ch577', 'ch573;ch579;ch577;ch580;', 'hhhhhhhhhhhhh')
INSERT INTO `owl_logs` VALUES ('2021-09-02 19:42:06', '27', 'ac465', 'ac465;ch575;', 'Disconnected (Quit')
INSERT INTO `owl_logs` VALUES ('2021-09-02 19:42:33', '27', 'ac465', 'ac465;', 'Connected from 196.206.68.44 - 7F3707543AA445EC1F81A41F09A7E893')
INSERT INTO `owl_logs` VALUES ('2021-09-02 19:42:42', '27', 'ac465', 'ac465;ch575;', 'Spawned')
INSERT INTO `owl_logs` VALUES ('2021-09-02 19:43:02', '7', 'ch577', 'ch577;ch579;ch580;', 'English: Tv d zb')
INSERT INTO `owl_logs` VALUES ('2021-09-02 19:43:07', '7', 'ch577', 'ch577;ch579;ch580;', 'English: Ch3el')
INSERT INTO `owl_logs` VALUES ('2021-09-02 19:43:20', '34', 'ch579', 'ch579;ch580;', ' got killed by Kane Sanders (Fist)')
INSERT INTO `owl_logs` VALUES ('2021-09-02 19:43:42', '34', 'ch578', 'ch578;ch580;', ' got killed by Kane Sanders (Fist)')
INSERT INTO `owl_logs` VALUES ('2021-09-02 19:44:02', '8', 'ch576', 'ch573;ch576;ch575;', 'wa zbi')
INSERT INTO `owl_logs` VALUES ('2021-09-02 19:44:04', '8', 'ch576', 'ch573;ch576;ch575;', 'karim')
INSERT INTO `owl_logs` VALUES ('2021-09-02 19:45:11', '4', 'ch576', 'ch576;', 'DISARM')
INSERT INTO `owl_logs` VALUES ('2021-09-02 19:45:24', '34', 'ch580', 'ch580;ch577;', ' got killed by Bruno Vitorello (Fist)')
INSERT INTO `owl_logs` VALUES ('2021-09-02 19:45:28', '8', 'ch575', 'ch576;ch575;', 'wait')
INSERT INTO `owl_logs` VALUES ('2021-09-02 19:45:47', '34', 'ch577', 'ch577;ch573;', ' got killed by Benjamin Flores (Fist)')
INSERT INTO `owl_logs` VALUES ('2021-09-02 19:45:55', '40', 'ch573', 'ch573;ch579;ch577;ch578;ch580;', '*Benjamin Flores Ki Jbed Sla7 Mn Duty Belt*')
INSERT INTO `owl_logs` VALUES ('2021-09-02 19:46:01', '40', 'ch573', 'ch573;ch579;ch577;ch578;ch580;', '*Benjamin Flores Ki Jbed Sla7 Mn Duty Belt*')
INSERT INTO `owl_logs` VALUES ('2021-09-02 19:46:20', '12', 'ch577', 'ch573;ch579;ch577;ch578;ch580;', '3te9')
INSERT INTO `owl_logs` VALUES ('2021-09-02 19:46:28', '12', 'ch579', 'ch579;ch577;ch578;ch580;', '7amid kayghre9')
INSERT INTO `owl_logs` VALUES ('2021-09-02 19:46:43', '12', 'ch580', 'ch573;ch579;ch577;ch578;ch580;', '3te9 3te9 3te9')
INSERT INTO `owl_logs` VALUES ('2021-09-02 19:46:43', '12', 'ch577', 'ch573;ch579;ch577;ch578;ch580;', '9lwto bdat katnfeekh')
INSERT INTO `owl_logs` VALUES ('2021-09-02 19:47:00', '14', 'ch579', 'ch573;ch579;ch577;ch578;ch580;', 'Kaylta9t anfasu l2akhira')
INSERT INTO `owl_logs` VALUES ('2021-09-02 19:47:50', '27', 'ac465', 'ac465;', 'Connected from 196.206.68.44 - 7F3707543AA445EC1F81A41F09A7E893')
INSERT INTO `owl_logs` VALUES ('2021-09-02 19:47:56', '27', 'ac467', 'ac467;', 'Connected from 105.72.60.186 - 4AEE6BAD8F515A1A5272F0A642A4FEA4')
INSERT INTO `owl_logs` VALUES ('2021-09-02 19:47:58', '27', 'ac465', 'ac465;ch575;', 'Spawned')
INSERT INTO `owl_logs` VALUES ('2021-09-02 19:47:59', '27', 'ac463', 'ac463;', 'Connected from 105.71.150.160 - E419C14BA48DB728EC9E33422437B292')
INSERT INTO `owl_logs` VALUES ('2021-09-02 19:48:06', '27', 'ac467', 'ac467;ch577;', 'Spawned')
INSERT INTO `owl_logs` VALUES ('2021-09-02 19:48:07', '27', 'ac463', 'ac463;ch573;', 'Spawned')
INSERT INTO `owl_logs` VALUES ('2021-09-02 19:48:18', '27', 'ac468', 'ac468;', 'Connected from 105.154.1.226 - C35DC12B8B77E657A3310485E60AA333')
INSERT INTO `owl_logs` VALUES ('2021-09-02 19:48:27', '27', 'ac468', 'ac468;ch578;', 'Spawned')
INSERT INTO `owl_logs` VALUES ('2021-09-02 19:48:29', '27', 'ac470', 'ac470;', 'Connected from 196.74.174.124 - 1777AFEE7CD43A44D6D3DDB689AF45B3')
INSERT INTO `owl_logs` VALUES ('2021-09-02 19:48:31', '27', 'ac466', 'ac466;', 'Connected from 41.248.170.63 - 0453E420CE0606D2147293DF2212DF62')
INSERT INTO `owl_logs` VALUES ('2021-09-02 19:48:38', '27', 'ac470', 'ac470;ch579;', 'Spawned')
INSERT INTO `owl_logs` VALUES ('2021-09-02 19:48:40', '27', 'ac466', 'ac466;ch576;', 'Spawned')
INSERT INTO `owl_logs` VALUES ('2021-09-02 19:49:41', '27', 'ac469', 'ac469;', 'Connected from 105.158.174.108 - E893C4C748E6B03025B9B37DF6E54DA4')
INSERT INTO `owl_logs` VALUES ('2021-09-02 19:49:50', '27', 'ac469', 'ac469;ch580;', 'Spawned')
INSERT INTO `owl_logs` VALUES ('2021-09-02 19:49:58', '7', 'ch577', 'ch577;ch580;', 'English: Lasd')
INSERT INTO `owl_logs` VALUES ('2021-09-02 19:50:04', '7', 'ch580', 'ch580;ch577;', 'English: Wewe')
INSERT INTO `owl_logs` VALUES ('2021-09-02 19:52:47', '7', 'ch575', 'ch575;', 'English: :A')
INSERT INTO `owl_logs` VALUES ('2021-09-02 19:52:50', '27', 'ac464', 'ac464;', 'Connected from 160.177.23.192 - B286AA07FAA83D96FE933543C6526192')
INSERT INTO `owl_logs` VALUES ('2021-09-02 19:52:59', '27', 'ac464', 'ac464;ch574;', 'Spawned')
INSERT INTO `owl_logs` VALUES ('2021-09-02 19:53:02', '40', 'ch573', 'ch573;', '*Benjamin Flores Ki Dir Ydih F Jibo*')
INSERT INTO `owl_logs` VALUES ('2021-09-02 19:54:11', '27', 'ac463', 'ac463;', 'Connected from 105.71.150.160 - E419C14BA48DB728EC9E33422437B292')
INSERT INTO `owl_logs` VALUES ('2021-09-02 19:54:16', '27', 'ac467', 'ac467;', 'Connected from 105.72.60.186 - 4AEE6BAD8F515A1A5272F0A642A4FEA4')
INSERT INTO `owl_logs` VALUES ('2021-09-02 19:54:18', '27', 'ac465', 'ac465;', 'Connected from 196.206.68.44 - 7F3707543AA445EC1F81A41F09A7E893')
INSERT INTO `owl_logs` VALUES ('2021-09-02 19:54:19', '27', 'ac463', 'ac463;ch573;', 'Spawned')
INSERT INTO `owl_logs` VALUES ('2021-09-02 19:54:24', '27', 'ac467', 'ac467;ch577;', 'Spawned')
INSERT INTO `owl_logs` VALUES ('2021-09-02 19:54:26', '27', 'ac465', 'ac465;ch575;', 'Spawned')
INSERT INTO `owl_logs` VALUES ('2021-09-02 19:54:30', '27', 'ac464', 'ac464;', 'Connected from 160.177.23.192 - B286AA07FAA83D96FE933543C6526192')
INSERT INTO `owl_logs` VALUES ('2021-09-02 19:54:33', '27', 'ac468', 'ac468;', 'Connected from 105.154.1.226 - C35DC12B8B77E657A3310485E60AA333')
INSERT INTO `owl_logs` VALUES ('2021-09-02 19:54:38', '27', 'ac464', 'ac464;ch574;', 'Spawned')
INSERT INTO `owl_logs` VALUES ('2021-09-02 19:54:42', '27', 'ac468', 'ac468;ch578;', 'Spawned')
INSERT INTO `owl_logs` VALUES ('2021-09-02 19:54:48', '27', 'ac466', 'ac466;', 'Connected from 41.248.170.63 - 0453E420CE0606D2147293DF2212DF62')
INSERT INTO `owl_logs` VALUES ('2021-09-02 19:54:56', '27', 'ac466', 'ac466;ch576;', 'Spawned')
INSERT INTO `owl_logs` VALUES ('2021-09-02 19:55:03', '6', 'ch574', 've28;', 'SPAWNVEH \'Bullet\' CIVILLIAN')
INSERT INTO `owl_logs` VALUES ('2021-09-02 19:55:09', '27', 'ac470', 'ac470;', 'Connected from 196.74.174.124 - 1777AFEE7CD43A44D6D3DDB689AF45B3')
INSERT INTO `owl_logs` VALUES ('2021-09-02 19:55:10', '31', 'SYSTEM', 've28;ch574;', 'STARTED ENGINE')
INSERT INTO `owl_logs` VALUES ('2021-09-02 19:55:17', '27', 'ac470', 'ac470;ch579;', 'Spawned')
INSERT INTO `owl_logs` VALUES ('2021-09-02 19:55:24', '40', 'ch573', 'ch574;ch573;ch575;', '*Benjamin Flores Ki Khchi Contact W Ki Demari / Ki Sket*')
INSERT INTO `owl_logs` VALUES ('2021-09-02 19:55:36', '6', 'ch575', 've10;', 'gotoveh')
INSERT INTO `owl_logs` VALUES ('2021-09-02 19:55:40', '31', 'SYSTEM', 've28;ch574;', 'STARTED ENGINE')
INSERT INTO `owl_logs` VALUES ('2021-09-02 19:55:49', '7', 'ch574', 'ch574;ve28;ve28;', 'English: INCAR K')
INSERT INTO `owl_logs` VALUES ('2021-09-02 19:55:52', '6', 'ch574', 've29;', 'SPAWNVEH \'Bullet\' CIVILLIAN')
INSERT INTO `owl_logs` VALUES ('2021-09-02 19:56:02', '40', 'ch573', 'ch574;ch573;', '*Benjamin Flores Ki Khchi Contact W Ki Demari / Ki Sket*')
INSERT INTO `owl_logs` VALUES ('2021-09-02 19:56:02', '31', 'SYSTEM', 've29;ch573;', 'STARTED ENGINE')
INSERT INTO `owl_logs` VALUES ('2021-09-02 19:56:03', '27', 'ac471', 'ac471;', 'Connected from 196.75.234.130 - 65A80B276D8D8F47E84CA351DA8AF7A1')
INSERT INTO `owl_logs` VALUES ('2021-09-02 19:56:17', '27', 'ac469', 'ac469;', 'Connected from 105.158.174.108 - E893C4C748E6B03025B9B37DF6E54DA4')
INSERT INTO `owl_logs` VALUES ('2021-09-02 19:56:27', '34', 'ch573', 'ch573;ch574;', ' got killed by Jack Smith (Fist)')
INSERT INTO `owl_logs` VALUES ('2021-09-02 19:56:28', '27', 'ac469', 'ac469;ch580;', 'Spawned')
INSERT INTO `owl_logs` VALUES ('2021-09-02 19:56:33', '4', 'ch574', 'ch573;', 'REVIVED from PK')
INSERT INTO `owl_logs` VALUES ('2021-09-02 19:56:37', '19', 'ch580', 'ch580;ch578;ch577;ch579;', 'English Hahowa khrej tani')
INSERT INTO `owl_logs` VALUES ('2021-09-02 19:56:43', '27', 'ac471', 'ac471;ch581;', 'Created')
INSERT INTO `owl_logs` VALUES ('2021-09-02 19:56:44', '27', 'ac471', 'ac471;ch581;', 'Spawned')
INSERT INTO `owl_logs` VALUES ('2021-09-02 19:56:45', '6', 'ch574', 've28;', 'SETVEHICLECOLOR 5')
INSERT INTO `owl_logs` VALUES ('2021-09-02 19:56:47', '7', 'ch574', 'ch574;ve28;ve28;', 'English: INCAR 1')
INSERT INTO `owl_logs` VALUES ('2021-09-02 19:56:51', '7', 'ch574', 'ch574;ve28;ve28;', 'English: INCAR Go')
INSERT INTO `owl_logs` VALUES ('2021-09-02 19:56:55', '6', 'ch574', 've28;', 'SETVEHICLECOLOR 4')
INSERT INTO `owl_logs` VALUES ('2021-09-02 19:56:56', '6', 'ch574', 've28;', 'SETVEHICLECOLOR 2')
INSERT INTO `owl_logs` VALUES ('2021-09-02 19:57:04', '7', 'ch574', 'ch574;ve28;ve28;', 'English: INCAR Hhh')
INSERT INTO `owl_logs` VALUES ('2021-09-02 19:57:16', '7', 'ch574', 'ch574;ve28;ve28;', 'English: INCAR  /setcolor ')
INSERT INTO `owl_logs` VALUES ('2021-09-02 19:57:25', '40', 'ch581', 'ch581;', '*Harry Ascer changes their clothes.*')
INSERT INTO `owl_logs` VALUES ('2021-09-02 19:57:43', '40', 'ch574', 'ch578;ch577;ch574;ch573;ch581;ch576;ch579;ch580;', '*Jack Smith locks the vehicle doors.*')
INSERT INTO `owl_logs` VALUES ('2021-09-02 19:57:43', '31', 'ch574', 've28;', 'LOCK FROM INSIDE')
INSERT INTO `owl_logs` VALUES ('2021-09-02 19:57:43', '40', 'ch574', 'ch578;ch577;ch574;ch573;ch581;ch576;ch579;ch580;', '*Jack Smith unlocks the vehicle doors.*')
INSERT INTO `owl_logs` VALUES ('2021-09-02 19:57:43', '31', 'ch574', 've28;', 'UNLOCK FROM INSIDE')
INSERT INTO `owl_logs` VALUES ('2021-09-02 19:57:50', '31', 'SYSTEM', 've28;ch580;', 'STARTED ENGINE')
INSERT INTO `owl_logs` VALUES ('2021-09-02 19:57:54', '7', 'ch581', 'ch581;ch575;', 'English: SqSS')
INSERT INTO `owl_logs` VALUES ('2021-09-02 19:58:00', '6', 'ch573', 'ch573;ve29;', 'FIXVEH')
INSERT INTO `owl_logs` VALUES ('2021-09-02 19:58:05', '27', 'ac464', 'ac464;ch574;', 'Disconnected (Timed out')
INSERT INTO `owl_logs` VALUES ('2021-09-02 19:58:19', '7', 'ch577', 'ch577;ve28;ch580;ve28;', 'English: INCAR Wow')
INSERT INTO `owl_logs` VALUES ('2021-09-02 19:58:28', '7', 'ch577', 'ch577;ve28;ch580;ve28;', 'English: INCAR Mafihach smta')
INSERT INTO `owl_logs` VALUES ('2021-09-02 19:58:42', '31', 'SYSTEM', 'in1529;ch581;', 'ENTERED')
INSERT INTO `owl_logs` VALUES ('2021-09-02 19:58:45', '40', 'ch573', 'ch578;ch577;ch573;ch580;', '*Benjamin Flores Ki Jbed Samta W Ki Rkbha*')
INSERT INTO `owl_logs` VALUES ('2021-09-02 19:58:52', '6', 'ch573', 'ch573;ve29;', 'FIXVEH')
INSERT INTO `owl_logs` VALUES ('2021-09-02 19:58:55', '7', 'ch577', 'ch577;ve28;ch580;ve28;', 'English: INCAR Hhhhhhhhhh')
INSERT INTO `owl_logs` VALUES ('2021-09-02 19:58:55', '31', 'SYSTEM', 'in1529;ch581;', 'EXITED')
INSERT INTO `owl_logs` VALUES ('2021-09-02 19:59:12', '7', 'ch577', 'ch577;ve28;ch580;ve28;', 'English: INCAR Rje3')
INSERT INTO `owl_logs` VALUES ('2021-09-02 19:59:13', '6', 'ch573', 'ch573;ve29;', 'FIXVEH')
INSERT INTO `owl_logs` VALUES ('2021-09-02 19:59:14', '7', 'ch577', 'ch577;ve28;ch580;ve28;', 'English: INCAR Motor rbk')
INSERT INTO `owl_logs` VALUES ('2021-09-02 19:59:15', '40', 'ch573', 'ch578;ch573;', '*Benjamin Flores Ki Khchi Contact W Ki Demari / Ki Sket*')
INSERT INTO `owl_logs` VALUES ('2021-09-02 19:59:15', '31', 'SYSTEM', 've29;ch573;', 'STARTED ENGINE')
INSERT INTO `owl_logs` VALUES ('2021-09-02 19:59:18', '6', 'ch573', 'ch573;ve29;', 'FIXVEH')
INSERT INTO `owl_logs` VALUES ('2021-09-02 19:59:22', '40', 'ch573', 'ch578;ch573;', '*Benjamin Flores Ki Jbed Samta W Ki Rkbha*')
INSERT INTO `owl_logs` VALUES ('2021-09-02 19:59:25', '27', 'ac464', 'ac464;', 'Connected from 196.74.30.196 - B286AA07FAA83D96FE933543C6526192')
INSERT INTO `owl_logs` VALUES ('2021-09-02 19:59:29', '31', 'SYSTEM', 'in2695;ch581;', 'ENTERED')
INSERT INTO `owl_logs` VALUES ('2021-09-02 19:59:31', '6', 'ch575', 'ch578;ve29;', 'FIXVEH')
INSERT INTO `owl_logs` VALUES ('2021-09-02 19:59:31', '6', 'ch573', 'ch575;ve1;', 'FIXVEH')
INSERT INTO `owl_logs` VALUES ('2021-09-02 19:59:34', '27', 'ac464', 'ac464;ch574;', 'Spawned')
INSERT INTO `owl_logs` VALUES ('2021-09-02 19:59:41', '7', 'ch580', 'ch580;ve28;ch577;ve28;', 'English: INCAR Fin')
INSERT INTO `owl_logs` VALUES ('2021-09-02 19:59:56', '6', 'ch573', 'ch573;ve29;', 'FIXVEH')
INSERT INTO `owl_logs` VALUES ('2021-09-02 20:00:12', '4', 'ch575', 'ch575;', 'FREECAM')
INSERT INTO `owl_logs` VALUES ('2021-09-02 20:00:13', '6', 'ch573', 'ch573;ve29;', 'FIXVEH')
INSERT INTO `owl_logs` VALUES ('2021-09-02 20:00:18', '31', 'SYSTEM', 'in2695;ch574;', 'ENTERED')
INSERT INTO `owl_logs` VALUES ('2021-09-02 20:00:38', '6', 'ch574', 've30;', 'SPAWNVEH \'RC Bandit\' CIVILLIAN')
INSERT INTO `owl_logs` VALUES ('2021-09-02 20:00:40', '6', 'ch573', 'ch573;ve29;', 'FIXVEH')
INSERT INTO `owl_logs` VALUES ('2021-09-02 20:00:42', '31', 'SYSTEM', 've30;ch574;', 'STARTED ENGINE')
INSERT INTO `owl_logs` VALUES ('2021-09-02 20:00:43', '6', 'SYSTEM', 'veh1;', 'Deleted by Inactivity Scanner. Reason: Inactive Vehicle | Last used 599 days ago while parking outdoor')
INSERT INTO `owl_logs` VALUES ('2021-09-02 20:00:45', '6', 'ch573', 'ch573;ve29;', 'FIXVEH')
INSERT INTO `owl_logs` VALUES ('2021-09-02 20:01:11', '7', 'ch574', 'ch574;ve30;ve30;', 'English: INCAR Hako')
INSERT INTO `owl_logs` VALUES ('2021-09-02 20:01:12', '7', 'ch574', 'ch574;ve30;ve30;', 'English: INCAR Hako')
INSERT INTO `owl_logs` VALUES ('2021-09-02 20:01:14', '6', 'ch574', 've31;', 'SPAWNVEH \'RC Bandit\' CIVILLIAN')
INSERT INTO `owl_logs` VALUES ('2021-09-02 20:01:16', '6', 'ch574', 've32;', 'SPAWNVEH \'RC Bandit\' CIVILLIAN')
INSERT INTO `owl_logs` VALUES ('2021-09-02 20:01:21', '31', 'SYSTEM', 've31;ch579;', 'STARTED ENGINE')
INSERT INTO `owl_logs` VALUES ('2021-09-02 20:01:23', '31', 'SYSTEM', 've32;ch581;', 'STARTED ENGINE')
INSERT INTO `owl_logs` VALUES ('2021-09-02 20:02:16', '6', 'ch573', 'ch573;ve29;', 'FIXVEH')
INSERT INTO `owl_logs` VALUES ('2021-09-02 20:02:26', '6', 'ch573', 'ch573;ve29;', 'FIXVEH')
INSERT INTO `owl_logs` VALUES ('2021-09-02 20:02:29', '6', 'ch573', 'ch580;ve28;', 'FIXVEH')
INSERT INTO `owl_logs` VALUES ('2021-09-02 20:02:54', '6', 'ch573', 'ch580;ve28;', 'FIXVEH')
INSERT INTO `owl_logs` VALUES ('2021-09-02 20:02:55', '6', 'ch573', 'ch573;ve29;', 'FIXVEH')
INSERT INTO `owl_logs` VALUES ('2021-09-02 20:03:22', '6', 'ch573', 'ch573;ve29;', 'FIXVEH')
INSERT INTO `owl_logs` VALUES ('2021-09-02 20:03:24', '6', 'ch573', 'ch580;ve28;', 'FIXVEH')
INSERT INTO `owl_logs` VALUES ('2021-09-02 20:03:39', '6', 'ch573', 'ch580;ve28;', 'FIXVEH')
INSERT INTO `owl_logs` VALUES ('2021-09-02 20:03:40', '8', 'ch575', 'ch575;', 'b')
INSERT INTO `owl_logs` VALUES ('2021-09-02 20:03:43', '6', 'ch573', 'ch573;ve29;', 'FIXVEH')
INSERT INTO `owl_logs` VALUES ('2021-09-02 20:03:48', '40', 'ch580', 'ch580;', '*Kane Sanders attempts to start the engine but fails.*')
INSERT INTO `owl_logs` VALUES ('2021-09-02 20:03:49', '40', 'ch580', 'ch581;ch579;ch580;', '*Kane Sanders attempts to start the engine but fails.*')
INSERT INTO `owl_logs` VALUES ('2021-09-02 20:03:50', '40', 'ch580', 'ch581;ch579;ch580;', '*Kane Sanders attempts to start the engine but fails.*')
INSERT INTO `owl_logs` VALUES ('2021-09-02 20:03:50', '40', 'ch580', 'ch581;ch579;ch580;', '*Kane Sanders attempts to start the engine but fails.*')
INSERT INTO `owl_logs` VALUES ('2021-09-02 20:03:50', '40', 'ch580', 'ch581;ch579;ch580;', '*Kane Sanders attempts to start the engine but fails.*')
INSERT INTO `owl_logs` VALUES ('2021-09-02 20:03:50', '40', 'ch580', 'ch581;ch579;ch580;', '*Kane Sanders attempts to start the engine but fails.*')
INSERT INTO `owl_logs` VALUES ('2021-09-02 20:03:50', '40', 'ch580', 'ch573;ch581;ch579;ch580;', '*Kane Sanders attempts to start the engine but fails.*')
INSERT INTO `owl_logs` VALUES ('2021-09-02 20:03:50', '40', 'ch580', 'ch573;ch581;ch579;ch580;', '*Kane Sanders attempts to start the engine but fails.*')
INSERT INTO `owl_logs` VALUES ('2021-09-02 20:03:51', '40', 'ch580', 'ch573;ch581;ch579;ch580;', '*Kane Sanders attempts to start the engine but fails.*')
INSERT INTO `owl_logs` VALUES ('2021-09-02 20:03:51', '40', 'ch580', 'ch573;ch581;ch579;ch580;', '*Kane Sanders attempts to start the engine but fails.*')
INSERT INTO `owl_logs` VALUES ('2021-09-02 20:03:51', '40', 'ch580', 'ch573;ch581;ch579;ch580;', '*Kane Sanders attempts to start the engine but fails.*')
INSERT INTO `owl_logs` VALUES ('2021-09-02 20:03:51', '40', 'ch580', 'ch573;ch581;ch579;ch580;', '*Kane Sanders attempts to start the engine but fails.*')
INSERT INTO `owl_logs` VALUES ('2021-09-02 20:03:54', '6', 'ch573', 'ch573;ve29;', 'FIXVEH')
INSERT INTO `owl_logs` VALUES ('2021-09-02 20:03:55', '40', 'ch573', 'ch573;ch579;ch580;ch574;', '*Benjamin Flores Ki Khchi Contact W Ki Demari / Ki Sket*')
INSERT INTO `owl_logs` VALUES ('2021-09-02 20:03:55', '31', 'SYSTEM', 've29;ch573;', 'STARTED ENGINE')
INSERT INTO `owl_logs` VALUES ('2021-09-02 20:04:10', '6', 'ch574', 've30;', 'DELVEH')
INSERT INTO `owl_logs` VALUES ('2021-09-02 20:04:11', '34', 'ch580', 'ch580;Unknown;', ' got killed by an unknown source')
INSERT INTO `owl_logs` VALUES ('2021-09-02 20:04:11', '40', 'ch577', 'ch578;ch577;ch573;ch581;ch579;ch580;', '*Bruno Vitorello attempts to start the engine but fails.*')
INSERT INTO `owl_logs` VALUES ('2021-09-02 20:04:12', '40', 'ch577', 'ch578;ch577;ch573;ch581;ch579;ch580;ch574;', '*Bruno Vitorello attempts to start the engine but fails.*')
INSERT INTO `owl_logs` VALUES ('2021-09-02 20:04:13', '40', 'ch577', 'ch578;ch577;ch573;ch581;ch579;ch580;ch574;', '*Bruno Vitorello attempts to start the engine but fails.*')
INSERT INTO `owl_logs` VALUES ('2021-09-02 20:04:13', '40', 'ch577', 'ch578;ch577;ch573;ch581;ch579;ch580;ch574;', '*Bruno Vitorello attempts to start the engine but fails.*')
INSERT INTO `owl_logs` VALUES ('2021-09-02 20:04:13', '40', 'ch577', 'ch578;ch577;ch573;ch581;ch579;ch580;ch574;', '*Bruno Vitorello attempts to start the engine but fails.*')
INSERT INTO `owl_logs` VALUES ('2021-09-02 20:04:13', '40', 'ch577', 'ch578;ch577;ch573;ch581;ch579;ch580;ch574;', '*Bruno Vitorello attempts to start the engine but fails.*')
INSERT INTO `owl_logs` VALUES ('2021-09-02 20:04:14', '40', 'ch577', 'ch578;ch577;ch573;ch581;ch579;ch580;ch574;', '*Bruno Vitorello attempts to start the engine but fails.*')
INSERT INTO `owl_logs` VALUES ('2021-09-02 20:04:18', '40', 'ch577', 'ch578;ch577;ch581;ch579;ch580;ch574;', '*Bruno Vitorello attempts to start the engine but fails.*')
INSERT INTO `owl_logs` VALUES ('2021-09-02 20:04:18', '40', 'ch577', 'ch578;ch577;ch581;ch579;ch580;ch574;', '*Bruno Vitorello attempts to start the engine but fails.*')
INSERT INTO `owl_logs` VALUES ('2021-09-02 20:04:19', '40', 'ch577', 'ch578;ch577;ch581;ch579;ch580;ch574;', '*Bruno Vitorello attempts to start the engine but fails.*')
INSERT INTO `owl_logs` VALUES ('2021-09-02 20:04:24', '6', 'ch573', 'ch573;ve29;', 'FIXVEH')
INSERT INTO `owl_logs` VALUES ('2021-09-02 20:04:27', '7', 'ch575', 'ch575;', 'English: G')
INSERT INTO `owl_logs` VALUES ('2021-09-02 20:04:27', '7', 'ch575', 'ch575;', 'English: G')
INSERT INTO `owl_logs` VALUES ('2021-09-02 20:04:27', '7', 'ch575', 'ch575;', 'English: G')
INSERT INTO `owl_logs` VALUES ('2021-09-02 20:04:27', '7', 'ch575', 'ch575;', 'English: G')
INSERT INTO `owl_logs` VALUES ('2021-09-02 20:04:28', '7', 'ch575', 'ch575;', 'English: G')
INSERT INTO `owl_logs` VALUES ('2021-09-02 20:04:28', '7', 'ch575', 'ch575;', 'English: G')
INSERT INTO `owl_logs` VALUES ('2021-09-02 20:04:28', '7', 'ch575', 'ch575;', 'English: G')
INSERT INTO `owl_logs` VALUES ('2021-09-02 20:04:28', '7', 'ch575', 'ch575;', 'English: G')
INSERT INTO `owl_logs` VALUES ('2021-09-02 20:04:29', '7', 'ch575', 'ch575;', 'English: G')
INSERT INTO `owl_logs` VALUES ('2021-09-02 20:04:29', '7', 'ch575', 'ch575;', 'English: G')
INSERT INTO `owl_logs` VALUES ('2021-09-02 20:04:29', '7', 'ch575', 'ch575;', 'English: Gt')
INSERT INTO `owl_logs` VALUES ('2021-09-02 20:04:30', '7', 'ch575', 'ch575;', 'English: G')
INSERT INTO `owl_logs` VALUES ('2021-09-02 20:04:30', '7', 'ch575', 'ch575;', 'English: G')
INSERT INTO `owl_logs` VALUES ('2021-09-02 20:04:30', '6', 'ch574', 've33;', 'SPAWNVEH \'Kart\' CIVILLIAN')
INSERT INTO `owl_logs` VALUES ('2021-09-02 20:04:30', '7', 'ch575', 'ch575;', 'English: G')
INSERT INTO `owl_logs` VALUES ('2021-09-02 20:04:31', '7', 'ch575', 'ch575;', 'English: G')
INSERT INTO `owl_logs` VALUES ('2021-09-02 20:04:31', '7', 'ch575', 'ch575;', 'English: Gt')
INSERT INTO `owl_logs` VALUES ('2021-09-02 20:04:38', '31', 'SYSTEM', 've33;ch574;', 'STARTED ENGINE')
INSERT INTO `owl_logs` VALUES ('2021-09-02 20:04:55', '6', 'ch573', 'ch573;ve29;', 'FIXVEH')
INSERT INTO `owl_logs` VALUES ('2021-09-02 20:05:11', '6', 'ch573', 'ch573;ve29;', 'FIXVEH')
INSERT INTO `owl_logs` VALUES ('2021-09-02 20:05:39', '34', 'ch574', 'ch574;Unknown;', ' got killed by an unknown source')
INSERT INTO `owl_logs` VALUES ('2021-09-02 20:05:47', '4', 'ch574', 'ch574;', 'REVIVED from PK')
INSERT INTO `owl_logs` VALUES ('2021-09-02 20:06:03', '7', 'ch575', 'ch575;', 'English: G')
INSERT INTO `owl_logs` VALUES ('2021-09-02 20:06:03', '7', 'ch575', 'ch575;', 'English: G')
INSERT INTO `owl_logs` VALUES ('2021-09-02 20:06:04', '7', 'ch575', 'ch575;', 'English: G')
INSERT INTO `owl_logs` VALUES ('2021-09-02 20:06:04', '34', 'ch578', 'ch578;ch581;', ' got killed by Harry Ascer (Fist)')
INSERT INTO `owl_logs` VALUES ('2021-09-02 20:06:04', '7', 'ch575', 'ch575;', 'English: G')
INSERT INTO `owl_logs` VALUES ('2021-09-02 20:06:04', '7', 'ch575', 'ch575;', 'English: G')
INSERT INTO `owl_logs` VALUES ('2021-09-02 20:06:04', '7', 'ch575', 'ch575;', 'English: G')
INSERT INTO `owl_logs` VALUES ('2021-09-02 20:06:04', '7', 'ch575', 'ch575;', 'English: G')
INSERT INTO `owl_logs` VALUES ('2021-09-02 20:06:05', '7', 'ch575', 'ch575;', 'English: Gt')
INSERT INTO `owl_logs` VALUES ('2021-09-02 20:06:05', '7', 'ch575', 'ch575;', 'English: G')
INSERT INTO `owl_logs` VALUES ('2021-09-02 20:06:05', '7', 'ch575', 'ch575;', 'English: G')
INSERT INTO `owl_logs` VALUES ('2021-09-02 20:06:06', '7', 'ch575', 'ch575;', 'English: G')
INSERT INTO `owl_logs` VALUES ('2021-09-02 20:06:06', '7', 'ch575', 'ch575;', 'English: G')
INSERT INTO `owl_logs` VALUES ('2021-09-02 20:06:06', '7', 'ch575', 'ch575;', 'English: Gt')
INSERT INTO `owl_logs` VALUES ('2021-09-02 20:06:07', '7', 'ch575', 'ch575;', 'English: G')
INSERT INTO `owl_logs` VALUES ('2021-09-02 20:06:07', '7', 'ch575', 'ch575;', 'English: G')
INSERT INTO `owl_logs` VALUES ('2021-09-02 20:06:07', '7', 'ch575', 'ch575;', 'English: Gt')
INSERT INTO `owl_logs` VALUES ('2021-09-02 20:06:08', '12', 'ch577', 'ch578;ch577;ch573;ch581;ch579;ch580;ch574;', 'opens his pockets')
INSERT INTO `owl_logs` VALUES ('2021-09-02 20:06:08', '40', 'ch577', 'ch578;ch577;ch573;ch581;ch579;ch580;ch574;', '*Bruno Vitorello locks the vehicle doors.*')
INSERT INTO `owl_logs` VALUES ('2021-09-02 20:06:08', '31', 'ch577', 've29;', 'LOCK FROM INSIDE')
INSERT INTO `owl_logs` VALUES ('2021-09-02 20:06:08', '7', 'ch575', 'ch575;', 'English: G')
INSERT INTO `owl_logs` VALUES ('2021-09-02 20:06:09', '12', 'ch577', 'ch578;ch577;ch573;ch581;ch579;ch580;ch574;', 'opens his pockets')
INSERT INTO `owl_logs` VALUES ('2021-09-02 20:06:12', '40', 'ch581', 'ch578;ch577;ch573;ch581;ch579;ch580;ch574;', '*Harry Ascer attempts to start the engine but fails.*')
INSERT INTO `owl_logs` VALUES ('2021-09-02 20:06:17', '6', 'ch574', 've34;', 'SPAWNVEH \'Rhino\' CIVILLIAN')
INSERT INTO `owl_logs` VALUES ('2021-09-02 20:06:21', '40', 'ch581', 'ch578;ch577;ch573;ch581;ch579;ch580;ch574;', '*Harry Ascer attempts to start the engine but fails.*')
INSERT INTO `owl_logs` VALUES ('2021-09-02 20:06:22', '40', 'ch581', 'ch578;ch577;ch573;ch581;ch579;ch580;ch574;', '*Harry Ascer attempts to start the engine but fails.*')
INSERT INTO `owl_logs` VALUES ('2021-09-02 20:06:22', '31', 'SYSTEM', 've34;ch574;', 'STARTED ENGINE')
INSERT INTO `owl_logs` VALUES ('2021-09-02 20:06:22', '40', 'ch581', 'ch578;ch577;ch573;ch581;ch579;ch580;ch574;', '*Harry Ascer attempts to start the engine but fails.*')
INSERT INTO `owl_logs` VALUES ('2021-09-02 20:06:26', '34', 'ch577', 'ch577;', ' died')
INSERT INTO `owl_logs` VALUES ('2021-09-02 20:06:26', '34', 'ch579', 'ch579;ch577;', ' got killed by Bruno Vitorello (Explosion)')
INSERT INTO `owl_logs` VALUES ('2021-09-02 20:06:28', '34', 'ch573', 'ch573;', ' died')
INSERT INTO `owl_logs` VALUES ('2021-09-02 20:06:29', '7', 'ch575', 'ch575;', 'English: H')
INSERT INTO `owl_logs` VALUES ('2021-09-02 20:06:29', '7', 'ch575', 'ch575;', 'English: H')
INSERT INTO `owl_logs` VALUES ('2021-09-02 20:06:30', '7', 'ch575', 'ch575;', 'English: H')
INSERT INTO `owl_logs` VALUES ('2021-09-02 20:06:30', '7', 'ch575', 'ch575;', 'English: H')
INSERT INTO `owl_logs` VALUES ('2021-09-02 20:06:30', '7', 'ch575', 'ch575;', 'English: H')
INSERT INTO `owl_logs` VALUES ('2021-09-02 20:06:30', '7', 'ch575', 'ch575;', 'English: H')
INSERT INTO `owl_logs` VALUES ('2021-09-02 20:06:34', '34', 'ch581', 'ch581;ch574;', ' got killed by Jack Smith (Tank Grenade)')
INSERT INTO `owl_logs` VALUES ('2021-09-02 20:06:41', '7', 'ch574', 'ch574;ve34;ve34;', 'English: INCAR Hhhhhhhhhhhhhhhhhh')
INSERT INTO `owl_logs` VALUES ('2021-09-02 20:06:44', '18', 'ch574', 'ch578;ch577;ch573;ch575;ch581;ch576;ch579;ch580;ch574;', 'hhhhhhhhhhhhhhhhh')
INSERT INTO `owl_logs` VALUES ('2021-09-02 20:06:47', '4', 'ch575', 'ch578;', 'REVIVED from PK')
INSERT INTO `owl_logs` VALUES ('2021-09-02 20:06:48', '4', 'ch575', 'ch577;', 'REVIVED from PK')
INSERT INTO `owl_logs` VALUES ('2021-09-02 20:06:49', '4', 'ch574', 'ch581;', 'REVIVED from PK')
INSERT INTO `owl_logs` VALUES ('2021-09-02 20:06:49', '4', 'ch575', 'ch573;', 'REVIVED from PK')
INSERT INTO `owl_logs` VALUES ('2021-09-02 20:06:53', '4', 'ch575', 'ch579;', 'REVIVED from PK')
INSERT INTO `owl_logs` VALUES ('2021-09-02 20:06:54', '4', 'ch575', 'ch580;', 'REVIVED from PK')
INSERT INTO `owl_logs` VALUES ('2021-09-02 20:07:06', '6', 'ch573', 've29;', 'getveh')
INSERT INTO `owl_logs` VALUES ('2021-09-02 20:07:13', '8', 'ch573', 'ch578;ch577;ch573;ch581;ch579;ch580;', 'b')
INSERT INTO `owl_logs` VALUES ('2021-09-02 20:07:18', '7', 'ch580', 'ch580;ch578;ch577;ch573;ch581;ch579;', 'English: Y')
INSERT INTO `owl_logs` VALUES ('2021-09-02 20:07:23', '7', 'ch574', 'ch574;ve34;ve34;', 'English: INCAR Hhhhhhhhhhhhhhhh')
INSERT INTO `owl_logs` VALUES ('2021-09-02 20:07:29', '27', 'ac469', 'ac469;ch580;', 'Disconnected (Quit')
INSERT INTO `owl_logs` VALUES ('2021-09-02 20:07:36', '7', 'ch575', 'ch575;', 'English: GT')
INSERT INTO `owl_logs` VALUES ('2021-09-02 20:07:36', '7', 'ch575', 'ch575;', 'English: G')
INSERT INTO `owl_logs` VALUES ('2021-09-02 20:07:36', '7', 'ch575', 'ch575;', 'English: G')
INSERT INTO `owl_logs` VALUES ('2021-09-02 20:07:36', '7', 'ch581', 'ch581;', 'English: Tt')
INSERT INTO `owl_logs` VALUES ('2021-09-02 20:07:36', '7', 'ch575', 'ch575;ch573;', 'English: G')
INSERT INTO `owl_logs` VALUES ('2021-09-02 20:07:36', '7', 'ch575', 'ch575;ch573;', 'English: G')
INSERT INTO `owl_logs` VALUES ('2021-09-02 20:07:37', '7', 'ch581', 'ch581;ch579;', 'English: Ttt')
INSERT INTO `owl_logs` VALUES ('2021-09-02 20:07:37', '7', 'ch575', 'ch575;ch573;', 'English: G')
INSERT INTO `owl_logs` VALUES ('2021-09-02 20:07:37', '7', 'ch581', 'ch581;ch577;ch579;', 'English: Tttt')
INSERT INTO `owl_logs` VALUES ('2021-09-02 20:07:38', '7', 'ch581', 'ch581;ch577;ch579;', 'English: Tttt')
INSERT INTO `owl_logs` VALUES ('2021-09-02 20:07:38', '7', 'ch581', 'ch581;ch577;ch579;', 'English: Tttt')
INSERT INTO `owl_logs` VALUES ('2021-09-02 20:07:39', '7', 'ch581', 'ch581;ch577;ch579;', 'English: Tttt')
INSERT INTO `owl_logs` VALUES ('2021-09-02 20:07:39', '8', 'ch579', 'ch578;ch577;ch581;ch579;', '.')
INSERT INTO `owl_logs` VALUES ('2021-09-02 20:07:40', '7', 'ch579', 'ch579;ch578;ch577;ch581;', 'English: .')
INSERT INTO `owl_logs` VALUES ('2021-09-02 20:07:40', '7', 'ch579', 'ch579;ch578;ch577;ch581;', 'English: .')
INSERT INTO `owl_logs` VALUES ('2021-09-02 20:07:40', '7', 'ch579', 'ch579;ch578;ch581;', 'English: .')
INSERT INTO `owl_logs` VALUES ('2021-09-02 20:07:41', '7', 'ch579', 'ch579;ch578;ch581;', 'English: .t')
INSERT INTO `owl_logs` VALUES ('2021-09-02 20:07:41', '7', 'ch578', 'ch578;ch579;', 'English: T')
INSERT INTO `owl_logs` VALUES ('2021-09-02 20:07:41', '7', 'ch579', 'ch579;ch578;ch581;', 'English: .t')
INSERT INTO `owl_logs` VALUES ('2021-09-02 20:07:41', '7', 'ch579', 'ch579;ch578;ch577;ch581;', 'English: T')
INSERT INTO `owl_logs` VALUES ('2021-09-02 20:07:42', '7', 'ch573', 'ch573;ch575;', 'English: G')
INSERT INTO `owl_logs` VALUES ('2021-09-02 20:07:43', '7', 'ch573', 'ch573;ch575;', 'English: G')
INSERT INTO `owl_logs` VALUES ('2021-09-02 20:07:43', '7', 'ch573', 'ch573;ch575;', 'English: G')
INSERT INTO `owl_logs` VALUES ('2021-09-02 20:07:43', '7', 'ch573', 'ch573;ch575;', 'English: G')
INSERT INTO `owl_logs` VALUES ('2021-09-02 20:07:44', '7', 'ch573', 'ch573;ch575;', 'English: G')
INSERT INTO `owl_logs` VALUES ('2021-09-02 20:07:44', '7', 'ch573', 'ch573;ch575;', 'English: G')
INSERT INTO `owl_logs` VALUES ('2021-09-02 20:07:45', '19', 'ch577', 'ch577;ch581;ch579;', 'English Dbaba rbk')
INSERT INTO `owl_logs` VALUES ('2021-09-02 20:07:54', '40', 'ch574', 'ch578;ch577;ch573;ch575;ch581;ch579;ch574;', '*Jack Smith locks the vehicle doors.*')
INSERT INTO `owl_logs` VALUES ('2021-09-02 20:07:54', '31', 'ch574', 've34;', 'LOCK FROM INSIDE')
INSERT INTO `owl_logs` VALUES ('2021-09-02 20:07:58', '27', 'ac469', 'ac469;', 'Connected from 105.158.174.108 - E893C4C748E6B03025B9B37DF6E54DA4')
INSERT INTO `owl_logs` VALUES ('2021-09-02 20:08:01', '19', 'ch574', 'ch574;ch578;ch577;ch573;ch575;ch581;ch579;', 'English Tl3o')
INSERT INTO `owl_logs` VALUES ('2021-09-02 20:08:07', '27', 'ac469', 'ac469;ch580;', 'Spawned')
INSERT INTO `owl_logs` VALUES ('2021-09-02 20:08:07', '19', 'ch574', 'ch574;ch578;ch577;ch573;ch575;ch581;ch579;ch580;', 'English Tl3oo')
INSERT INTO `owl_logs` VALUES ('2021-09-02 20:08:54', '31', 'SYSTEM', 've34;ch574;', 'STARTED ENGINE')
INSERT INTO `owl_logs` VALUES ('2021-09-02 20:09:20', '7', 'ch574', 'ch574;ve34;ve34;', 'English: INCAR Glue')
INSERT INTO `owl_logs` VALUES ('2021-09-02 20:09:38', '40', 'ch573', 'ch578;ch577;ch573;ch575;ch581;ch579;ch574;ch580;', '*Benjamin Flores Ki Dir Ydih F Jibo*')
INSERT INTO `owl_logs` VALUES ('2021-09-02 20:09:44', '19', 'ch579', 'ch579;ch578;ch577;ch573;ch575;ch581;ch574;ch580;', 'English OHOOOOO W KARIM JATU ZEMLA')
INSERT INTO `owl_logs` VALUES ('2021-09-02 20:09:47', '19', 'ch579', 'ch579;ch578;ch577;ch573;ch581;ch574;ch580;', 'English OHOOOOO W KARIM JATU ZEMLA')
INSERT INTO `owl_logs` VALUES ('2021-09-02 20:10:05', '7', 'ch574', 'ch574;ve34;ve34;', 'English: INCAR OK')
INSERT INTO `owl_logs` VALUES ('2021-09-02 20:10:07', '7', 'ch574', 'ch574;ve34;ve34;', 'English: INCAR NCHALLAH BRBI')
INSERT INTO `owl_logs` VALUES ('2021-09-02 20:10:22', '7', 'ch574', 'ch574;ve34;ve34;', 'English: INCAR DIR GLUE')
INSERT INTO `owl_logs` VALUES ('2021-09-02 20:10:41', '19', 'ch579', 'ch579;ch578;ch577;ch573;ch581;ch574;ch580;', 'English VIVA ISRAEL')
INSERT INTO `owl_logs` VALUES ('2021-09-02 20:10:46', '19', 'ch573', 'ch573;ch578;ch577;ch581;ch579;ch574;ch580;', 'English Tabon mok')
INSERT INTO `owl_logs` VALUES ('2021-09-02 20:10:47', '19', 'ch573', 'ch573;ch578;ch577;ch581;ch579;ch574;ch580;', 'English Tabon mok')
INSERT INTO `owl_logs` VALUES ('2021-09-02 20:10:48', '34', 'ch579', 'ch579;ch580;', ' got killed by Kane Sanders (Fist)')
INSERT INTO `owl_logs` VALUES ('2021-09-02 20:10:50', '19', 'ch573', 'ch573;ch578;ch577;ch581;ch574;ch580;', 'English Haha')
INSERT INTO `owl_logs` VALUES ('2021-09-02 20:10:50', '19', 'ch573', 'ch573;ch578;ch577;ch581;ch574;ch580;', 'English Haha')
INSERT INTO `owl_logs` VALUES ('2021-09-02 20:11:20', '40', 'ch574', 'ch578;ch577;ch573;ch581;ch579;ch574;ch580;', '*Jack Smith attempts to turn the engine on and fails.*')
INSERT INTO `owl_logs` VALUES ('2021-09-02 20:11:26', '40', 'ch574', 'ch578;ch577;ch573;ch581;ch579;ch574;ch580;', '*Jack Smith unlocks the vehicle doors.*')
INSERT INTO `owl_logs` VALUES ('2021-09-02 20:11:26', '31', 'ch574', 've34;', 'UNLOCK FROM INSIDE')
INSERT INTO `owl_logs` VALUES ('2021-09-02 20:11:40', '40', 'ch577', 'ch578;ch577;ch573;ch579;ch580;', '*Bruno Vitorello attempts to turn the engine on and fails.*')
INSERT INTO `owl_logs` VALUES ('2021-09-02 20:12:00', '34', 'ch578', 'ch578;ch577;', ' got killed by Bruno Vitorello (Tank Grenade)')
INSERT INTO `owl_logs` VALUES ('2021-09-02 20:12:01', '34', 'ch580', 'ch580;ch577;', ' got killed by Bruno Vitorello (Tank Grenade)')
INSERT INTO `owl_logs` VALUES ('2021-09-02 20:12:19', '27', 'ac468', 'ac468;ch578;', 'Disconnected (Quit')
INSERT INTO `owl_logs` VALUES ('2021-09-02 20:12:28', '34', 'ch573', 'ch573;ch577;', ' got killed by Bruno Vitorello (Tank Grenade)')
INSERT INTO `owl_logs` VALUES ('2021-09-02 20:12:50', '4', 'ch574', 'ch580;', 'REVIVED from PK')
INSERT INTO `owl_logs` VALUES ('2021-09-02 20:13:00', '4', 'ch574', 'ch573;', 'REVIVED from PK')
INSERT INTO `owl_logs` VALUES ('2021-09-02 20:13:26', '31', 'SYSTEM', 've32;ch575;', 'STARTED ENGINE')
INSERT INTO `owl_logs` VALUES ('2021-09-02 20:13:31', '31', 'SYSTEM', 've32;ch575;', 'STARTED ENGINE')
INSERT INTO `owl_logs` VALUES ('2021-09-02 20:13:48', '4', 'ch574', 'ch574;', 'GIVEWEAPON Deagle mp9Bm85r0o9Y0HhYm81M0u0')
INSERT INTO `owl_logs` VALUES ('2021-09-02 20:13:48', '4', 'ch574', 'ch574;', 'GIVEWEAPON Deagle mt9Bm85r0o9Y0HhYm81M0u0')
INSERT INTO `owl_logs` VALUES ('2021-09-02 20:13:48', '4', 'ch574', 'ch574;', 'GIVEWEAPON Deagle OF9Bm85r0o9Y0HhYm81M0u0')
INSERT INTO `owl_logs` VALUES ('2021-09-02 20:13:48', '4', 'ch574', 'ch574;', 'GIVEWEAPON Deagle Oo9Bm85r0o9Y0HhYm81M0u0')
INSERT INTO `owl_logs` VALUES ('2021-09-02 20:13:48', '4', 'ch574', 'ch574;', 'GIVEWEAPON Deagle 0vbrmv1MN8brOvgBOv1qmub8')
INSERT INTO `owl_logs` VALUES ('2021-09-02 20:13:48', '4', 'ch574', 'ch574;', 'GIVEWEAPON Deagle 0ubrmv1MN8brOvgBOv1qmub8')
INSERT INTO `owl_logs` VALUES ('2021-09-02 20:13:48', '4', 'ch574', 'ch574;', 'GIVEWEAPON Deagle 0Hbrmv1MN8brOvgBOv1qmub8')
INSERT INTO `owl_logs` VALUES ('2021-09-02 20:14:07', '7', 'ch577', 'ch577;ch580;', 'English: Ah driyat')
INSERT INTO `owl_logs` VALUES ('2021-09-02 20:14:08', '7', 'ch577', 'ch577;', 'English: Hhhhhhhhhhh')
INSERT INTO `owl_logs` VALUES ('2021-09-02 20:14:09', '40', 'ch574', 'ch577;ch574;', '*Jack Smith destroyed a Deagle.*')
INSERT INTO `owl_logs` VALUES ('2021-09-02 20:14:10', '40', 'ch574', 'ch577;ch574;', '*Jack Smith destroyed a Deagle.*')
INSERT INTO `owl_logs` VALUES ('2021-09-02 20:14:13', '40', 'ch574', 'ch577;ch574;', '*Jack Smith destroyed a Deagle.*')
INSERT INTO `owl_logs` VALUES ('2021-09-02 20:14:14', '40', 'ch574', 'ch577;ch574;ch580;', '*Jack Smith destroyed a Deagle.*')
INSERT INTO `owl_logs` VALUES ('2021-09-02 20:14:15', '40', 'ch574', 'ch577;ch574;ch580;', '*Jack Smith destroyed a Deagle.*')
INSERT INTO `owl_logs` VALUES ('2021-09-02 20:14:16', '40', 'ch574', 'ch577;ch574;ch580;', '*Jack Smith destroyed a Deagle.*')
INSERT INTO `owl_logs` VALUES ('2021-09-02 20:14:16', '7', 'ch577', 'ch577;ch580;', 'English: Ah driyat')
INSERT INTO `owl_logs` VALUES ('2021-09-02 20:14:17', '40', 'ch574', 'ch577;ch574;ch580;', '*Jack Smith destroyed a Deagle.*')
INSERT INTO `owl_logs` VALUES ('2021-09-02 20:14:28', '4', 'ch574', 'ch574;', 'GIVEWEAPON Deagle mHcZN8hqmo9ZN8QwmvQqm85Z0V')
INSERT INTO `owl_logs` VALUES ('2021-09-02 20:14:28', '4', 'ch574', 'ch574;', 'GIVEWEAPON Deagle m8cZN8hqmo9ZN8QwmvQqm85Z0V')
INSERT INTO `owl_logs` VALUES ('2021-09-02 20:14:28', '4', 'ch574', 'ch574;', 'GIVEWEAPON Deagle OvcZN8hqmo9ZN8QwmvQqm85Z0V')
INSERT INTO `owl_logs` VALUES ('2021-09-02 20:14:28', '4', 'ch574', 'ch574;', 'GIVEWEAPON Deagle OucZN8hqmo9ZN8QwmvQqm85Z0V')
INSERT INTO `owl_logs` VALUES ('2021-09-02 20:14:28', '4', 'ch574', 'ch574;', 'GIVEWEAPON Deagle 0vbZN8hqmo9ZN8QwmvQqm85Z0V')
INSERT INTO `owl_logs` VALUES ('2021-09-02 20:14:28', '4', 'ch574', 'ch574;', 'GIVEWEAPON Deagle 0ubZN8hqmo9ZN8QwmvQqm85Z0V')
INSERT INTO `owl_logs` VALUES ('2021-09-02 20:14:29', '4', 'ch574', 'ch574;', 'GIVEWEAPON Deagle 0HbZN8hqmo9ZN8QwmvQqm85Z0V')
INSERT INTO `owl_logs` VALUES ('2021-09-02 20:14:30', '7', 'ch577', 'ch577;ch580;', 'English: Dir')
INSERT INTO `owl_logs` VALUES ('2021-09-02 20:14:34', '7', 'ch577', 'ch577;ch580;', 'English: Gangster animation')
INSERT INTO `owl_logs` VALUES ('2021-09-02 20:14:35', '40', 'ch574', 'ch577;ch574;ch580;', '*Jack Smith destroyed a Deagle.*')
INSERT INTO `owl_logs` VALUES ('2021-09-02 20:14:36', '7', 'ch577', 'ch577;ch580;', 'English:  w dreb')
INSERT INTO `owl_logs` VALUES ('2021-09-02 20:14:36', '40', 'ch574', 'ch577;ch573;ch574;ch580;', '*Jack Smith destroyed a Deagle.*')
INSERT INTO `owl_logs` VALUES ('2021-09-02 20:14:37', '40', 'ch574', 'ch577;ch573;ch574;ch580;', '*Jack Smith destroyed a Deagle.*')
INSERT INTO `owl_logs` VALUES ('2021-09-02 20:14:38', '7', 'ch580', 'ch580;ch577;ch573;', 'English: Hhhhhhhh bch nwli b7alk ?')
INSERT INTO `owl_logs` VALUES ('2021-09-02 20:14:39', '40', 'ch574', 'ch577;ch573;ch574;ch580;', '*Jack Smith destroyed a Deagle.*')
INSERT INTO `owl_logs` VALUES ('2021-09-02 20:14:40', '40', 'ch574', 'ch577;ch573;ch574;ch580;', '*Jack Smith destroyed a Deagle.*')
INSERT INTO `owl_logs` VALUES ('2021-09-02 20:14:40', '7', 'ch580', 'ch580;ch577;ch573;', 'English: Nn hh')
INSERT INTO `owl_logs` VALUES ('2021-09-02 20:14:41', '40', 'ch574', 'ch577;ch573;ch574;ch580;', '*Jack Smith destroyed a Deagle.*')
INSERT INTO `owl_logs` VALUES ('2021-09-02 20:14:42', '40', 'ch574', 'ch577;ch573;ch574;ch580;', '*Jack Smith destroyed a Deagle.*')
INSERT INTO `owl_logs` VALUES ('2021-09-02 20:14:46', '7', 'ch573', 'ch573;ch577;ch580;', 'English: 7wini')
INSERT INTO `owl_logs` VALUES ('2021-09-02 20:14:46', '7', 'ch577', 'ch577;ch573;ch580;', 'English: Jreb dreb')
INSERT INTO `owl_logs` VALUES ('2021-09-02 20:14:46', '7', 'ch574', 'ch574;ch581;', 'English: We')
INSERT INTO `owl_logs` VALUES ('2021-09-02 20:14:49', '7', 'ch573', 'ch573;ch577;ch580;', 'English: 7wini')
INSERT INTO `owl_logs` VALUES ('2021-09-02 20:15:00', '7', 'ch573', 'ch573;ch577;', 'English: 7wini')
INSERT INTO `owl_logs` VALUES ('2021-09-02 20:15:06', '7', 'ch577', 'ch577;ch573;', 'English: Dor')
INSERT INTO `owl_logs` VALUES ('2021-09-02 20:15:11', '6', 'ch575', 've32;', 'DELVEH')
INSERT INTO `owl_logs` VALUES ('2021-09-02 20:15:13', '7', 'ch577', 'ch577;ch573;ch580;', 'English: N3ees')
INSERT INTO `owl_logs` VALUES ('2021-09-02 20:15:19', '6', 'ch575', 've33;', 'DELVEH')
INSERT INTO `owl_logs` VALUES ('2021-09-02 20:15:24', '7', 'ch577', 'ch577;ch573;ch580;', 'English: Driya 7watnti')
INSERT INTO `owl_logs` VALUES ('2021-09-02 20:15:33', '6', 'ch574', 've20;', 'RESPAWN')
INSERT INTO `owl_logs` VALUES ('2021-09-02 20:15:51', '6', 'ch575', 've34;', 'DELVEH')
INSERT INTO `owl_logs` VALUES ('2021-09-02 20:16:02', '6', 'ch575', 've31;', 'DELVEH')
INSERT INTO `owl_logs` VALUES ('2021-09-02 20:16:22', '8', 'ch574', 'ch573;ch581;ch574;', 'ok')
INSERT INTO `owl_logs` VALUES ('2021-09-02 20:16:26', '8', 'ch573', 'ch573;', 'b')
INSERT INTO `owl_logs` VALUES ('2021-09-02 20:17:02', '6', 'ch574', 've26;', 'DELVEH')
INSERT INTO `owl_logs` VALUES ('2021-09-02 20:17:09', '7', 'ch573', 'ch573;ch575;', 'English: Chi garo')
INSERT INTO `owl_logs` VALUES ('2021-09-02 20:17:10', '6', 'ch574', 've29;', 'DELVEH')
INSERT INTO `owl_logs` VALUES ('2021-09-02 20:17:39', '40', 'ch573', 'ch573;ch574;', '*Benjamin Flores Ki Jbed Sla7 Mn Duty Belt*')
INSERT INTO `owl_logs` VALUES ('2021-09-02 20:18:01', '7', 'ch574', 'ch574;ch573;', 'English: Fo9ash')
INSERT INTO `owl_logs` VALUES ('2021-09-02 20:18:02', '7', 'ch574', 'ch574;ch573;', 'English: Atswro')
INSERT INTO `owl_logs` VALUES ('2021-09-02 20:18:06', '7', 'ch574', 'ch574;ch573;', 'English: Trailer?')
INSERT INTO `owl_logs` VALUES ('2021-09-02 20:18:07', '7', 'ch573', 'ch573;ch574;', 'English: Daba')
INSERT INTO `owl_logs` VALUES ('2021-09-02 20:18:11', '7', 'ch574', 'ch574;ch573;', 'English: Ok')
INSERT INTO `owl_logs` VALUES ('2021-09-02 20:18:18', '40', 'ch573', 'ch573;', '*Benjamin Flores Ki Jbed Sla7 Mn Duty Belt*')
INSERT INTO `owl_logs` VALUES ('2021-09-02 20:18:45', '31', 'SYSTEM', 'in2494;ch580;', 'ENTERED')
INSERT INTO `owl_logs` VALUES ('2021-09-02 20:19:01', '31', 'SYSTEM', 'in2494;ch580;', 'EXITED')
INSERT INTO `owl_logs` VALUES ('2021-09-02 20:19:38', '31', 'SYSTEM', 'in1529;ch574;', 'ENTERED')
INSERT INTO `owl_logs` VALUES ('2021-09-02 20:19:43', '31', 'SYSTEM', 'in1529;ch574;', 'EXITED')
INSERT INTO `owl_logs` VALUES ('2021-09-02 20:19:50', '31', 'SYSTEM', 'in1529;ch574;', 'ENTERED')
INSERT INTO `owl_logs` VALUES ('2021-09-02 20:19:57', '34', 'ch576', 'ch576;ch580;', ' got killed by Kane Sanders (Fist)')
INSERT INTO `owl_logs` VALUES ('2021-09-02 20:20:07', '27', 'ac469', 'ac469;ch580;', 'Disconnected (Quit')
INSERT INTO `owl_logs` VALUES ('2021-09-02 20:20:47', '27', 'ac464', 'ac464;ch574;', 'Disconnected (Quit')
INSERT INTO `owl_logs` VALUES ('2021-09-02 20:21:02', '31', 'SYSTEM', 'in2323;ch581;', 'ENTERED')
INSERT INTO `owl_logs` VALUES ('2021-09-02 20:21:14', '31', 'SYSTEM', 'in2323;ch581;', 'EXITED')
INSERT INTO `owl_logs` VALUES ('2021-09-02 20:21:48', '27', 'ac471', 'ac471;ch581;', 'Disconnected (Quit')
INSERT INTO `owl_logs` VALUES ('2021-09-02 20:21:52', '27', 'ac467', 'ac467;ch577;', 'Disconnected (Quit')
INSERT INTO `owl_logs` VALUES ('2021-09-02 20:21:55', '27', 'ac470', 'ac470;ch579;', 'Disconnected (Timed out')
INSERT INTO `owl_logs` VALUES ('2021-09-02 20:29:39', '4', 'ch575', 'ch575;', 'GIVEITEM Cellphone 1')
INSERT INTO `owl_logs` VALUES ('2021-09-02 20:29:43', '40', 'ch575', 'ch575;', '*Tommy Hazard destroyed a Cellphone.*')
INSERT INTO `owl_logs` VALUES ('2021-09-02 20:32:10', '31', 'SYSTEM', 'in180;ch575;', 'ENTERED')
INSERT INTO `owl_logs` VALUES ('2021-09-02 20:34:47', '31', 'SYSTEM', 've28;ch576;', 'STARTED ENGINE')
INSERT INTO `owl_logs` VALUES ('2021-09-02 20:35:38', '27', 'ac465', 'ac465;ch575;', 'Disconnected (Quit')
INSERT INTO `owl_logs` VALUES ('2021-09-02 20:35:44', '27', 'ac463', 'ac463;ch573;', 'Disconnected (Quit')
INSERT INTO `owl_logs` VALUES ('2021-09-02 20:36:04', '27', 'ac466', 'ac466;ch576;', 'Disconnected (Quit')
INSERT INTO `owl_logs` VALUES ('2021-09-02 20:59:53', '27', 'ac462', 'ac462;', 'Connected from 196.117.34.27 - 710186679DEF493F126A5FF4036D0902')
INSERT INTO `owl_logs` VALUES ('2021-09-02 21:00:01', '27', 'ac462', 'ac462;ch572;', 'Spawned')
INSERT INTO `owl_logs` VALUES ('2021-09-02 21:24:07', '4', 'ch572', 'ch572;', 'GIVEITEM Pack of cigarettes 1')
INSERT INTO `owl_logs` VALUES ('2021-09-02 21:24:36', '4', 'ch572', 'ch572;', 'GIVEITEM Lighter 1')
INSERT INTO `owl_logs` VALUES ('2021-09-02 21:24:39', '40', 'ch572', 'ch572;', '*Abu Mazen LilNex looks inside their pack of cigarettes, and takes one out.*')
INSERT INTO `owl_logs` VALUES ('2021-09-02 21:24:40', '40', 'ch572', 'ch572;', '*Abu Mazen LilNex lights up a cigarette.*')
INSERT INTO `owl_logs` VALUES ('2021-09-02 21:34:38', '7', 'ch572', 'ch572;', 'English: R')
INSERT INTO `owl_logs` VALUES ('2021-09-02 21:34:39', '7', 'ch572', 'ch572;', 'English: E')
INSERT INTO `owl_logs` VALUES ('2021-09-02 21:34:49', '7', 'ch572', 'ch572;', 'English: Erer')
INSERT INTO `owl_logs` VALUES ('2021-09-02 21:34:52', '7', 'ch572', 'ch572;', 'English: Y')
INSERT INTO `owl_logs` VALUES ('2021-09-02 21:34:54', '7', 'ch572', 'ch572;', 'English: Yrtrtr')
INSERT INTO `owl_logs` VALUES ('2021-09-02 21:34:56', '7', 'ch572', 'ch572;', 'English: Ryrttrt')
INSERT INTO `owl_logs` VALUES ('2021-09-02 21:42:26', '27', 'ac462', 'ac462;ch572;', 'Went to character selection')
INSERT INTO `owl_logs` VALUES ('2021-09-02 21:42:35', '27', 'ac462', 'ac462;ch572;', 'Spawned')
INSERT INTO `owl_logs` VALUES ('2021-09-02 21:45:00', '27', 'ac462', 'ac462;ch572;', 'Went to character selection')
INSERT INTO `owl_logs` VALUES ('2021-09-02 21:45:08', '27', 'ac462', 'ac462;ch572;', 'Spawned')
INSERT INTO `owl_logs` VALUES ('2021-09-02 21:45:36', '27', 'ac462', 'ac462;ch572;', 'Went to character selection')
INSERT INTO `owl_logs` VALUES ('2021-09-02 21:45:43', '27', 'ac462', 'ac462;ch572;', 'Spawned')
INSERT INTO `owl_logs` VALUES ('2021-09-02 21:46:00', '7', 'ch572', 'ch572;', 'English: G')
